<?xml version="1.0" encoding="UTF-8"?>
<!-- Generated by org.testng.reporters.JUnitReportReporter -->
<testsuite hostname="DESKTOP-7BLU4QM" name="gitTest.GitTest" tests="1" failures="0" timestamp="28 Jul 2019 12:17:30 GMT" time="48.877" errors="0">
  <testcase name="logintest" time="48.877" classname="gitTest.GitTest"/>
</testsuite> <!-- gitTest.GitTest -->
